c:\users\kylian\source\repos\renegade\x64\editor debug\renegade.pdb
c:\users\kylian\source\repos\renegade\x64\editor debug\renegade.idb
c:\users\kylian\source\repos\renegade\x64\editor debug\basewindow.obj
c:\users\kylian\source\repos\renegade\x64\editor debug\imguidefines.obj
c:\users\kylian\source\repos\renegade\x64\editor debug\editorsettings.obj
c:\users\kylian\source\repos\renegade\x64\editor debug\system.obj
c:\users\kylian\source\repos\renegade\x64\editor debug\engine.obj
c:\users\kylian\source\repos\renegade\x64\editor debug\reservedatastream.obj
c:\users\kylian\source\repos\renegade\x64\editor debug\datastream.obj
c:\users\kylian\source\repos\renegade\x64\editor debug\data.obj
c:\users\kylian\source\repos\renegade\x64\editor debug\string_extensions.obj
c:\users\kylian\source\repos\renegade\x64\editor debug\fileloader.obj
c:\users\kylian\source\repos\renegade\x64\editor debug\logger.obj
c:\users\kylian\source\repos\renegade\x64\editor debug\dx12window.obj
c:\users\kylian\source\repos\renegade\x64\editor debug\window.obj
c:\users\kylian\source\repos\renegade\x64\editor debug\scenewindow.obj
c:\users\kylian\source\repos\renegade\x64\editor debug\mainwindow.obj
c:\users\kylian\source\repos\renegade\x64\editor debug\inspectorwindow.obj
c:\users\kylian\source\repos\renegade\x64\editor debug\hierarchywindow.obj
c:\users\kylian\source\repos\renegade\x64\editor debug\explorerwindow.obj
c:\users\kylian\source\repos\renegade\x64\editor debug\consolewindow.obj
c:\users\kylian\source\repos\renegade\x64\editor debug\imguiuiview.obj
c:\users\kylian\source\repos\renegade\x64\editor debug\editor.obj
c:\users\kylian\source\repos\renegade\x64\editor debug\imguiwindow.obj
c:\users\kylian\source\repos\renegade\x64\editor debug\texteditor.obj
c:\users\kylian\source\repos\renegade\x64\editor debug\piano.obj
c:\users\kylian\source\repos\renegade\x64\editor debug\imgui_widgets.obj
c:\users\kylian\source\repos\renegade\x64\editor debug\imgui_tables.obj
c:\users\kylian\source\repos\renegade\x64\editor debug\imgui_stdlib.obj
c:\users\kylian\source\repos\renegade\x64\editor debug\imgui_helpers.obj
c:\users\kylian\source\repos\renegade\x64\editor debug\imgui_draw.obj
c:\users\kylian\source\repos\renegade\x64\editor debug\imgui_demo.obj
c:\users\kylian\source\repos\renegade\x64\editor debug\imgui.obj
c:\users\kylian\source\repos\renegade\x64\editor debug\imgui_impl_win32.obj
c:\users\kylian\source\repos\renegade\x64\editor debug\imgui_impl_dx12.obj
c:\users\kylian\source\repos\renegade\x64\editor debug\stringtextinput.obj
c:\users\kylian\source\repos\renegade\x64\editor debug\assetdatabase.obj
c:\users\kylian\source\repos\renegade\x64\editor debug\explorerresource.obj
c:\users\kylian\source\repos\renegade\x64\editor debug\renegade.lib
c:\users\kylian\source\repos\renegade\x64\editor debug\game.obj
c:\users\kylian\source\repos\renegade\x64\editor debug\game.ilk
c:\users\kylian\source\repos\renegade\x64\editor debug\vc143.idb
c:\users\kylian\source\repos\renegade\x64\editor debug\game.pdb
c:\users\kylian\source\repos\renegade\x64\editor debug\vc143.pdb
c:\users\kylian\source\repos\renegade\x64\editor debug\renegade.vcxproj.filelistabsolute.txt
c:\users\kylian\source\repos\renegade\x64\editor debug\renegade.tlog\cl.command.1.tlog
c:\users\kylian\source\repos\renegade\x64\editor debug\renegade.tlog\cl.items.tlog
c:\users\kylian\source\repos\renegade\x64\editor debug\renegade.tlog\cl.read.1.tlog
c:\users\kylian\source\repos\renegade\x64\editor debug\renegade.tlog\cl.write.1.tlog
c:\users\kylian\source\repos\renegade\x64\editor debug\renegade.tlog\lib-link.read.1.tlog
c:\users\kylian\source\repos\renegade\x64\editor debug\renegade.tlog\lib-link.write.1.tlog
c:\users\kylian\source\repos\renegade\x64\editor debug\renegade.tlog\lib.command.1.tlog
